<?xml version="1.0" encoding="UTF-8"?>
<!-- Generated by org.testng.reporters.JUnitXMLReporter -->
<testsuite ignored="0" hostname="Rohit-G" failures="1" tests="4" name="HRMTest" time="7.947" errors="0" timestamp="2022-05-29T21:48:11 IST">
  <testcase classname="testjava.BaseTest" name="@BeforeClass BrowserLaunch" time="7.684">
    <failure type="org.openqa.selenium.SessionNotCreatedException" message="Could not start a new session. Response code 500. Message: session not created: This version of ChromeDriver only supports Chrome version 102
Current browser version is 101.0.4951.67 with binary path C:\Program Files\Google\Chrome\Application\chrome.exe
Build info: version: &amp;apos;4.0.0&amp;apos;, revision: &amp;apos;3a21814679&amp;apos;
System info: host: &amp;apos;ROHIT-G&amp;apos;, ip: &amp;apos;192.168.0.103&amp;apos;, os.name: &amp;apos;Windows 8.1&amp;apos;, os.arch: &amp;apos;amd64&amp;apos;, os.version: &amp;apos;6.3&amp;apos;, java.version: &amp;apos;15.0.1&amp;apos;
Driver info: org.openqa.selenium.chrome.ChromeDriver
Command: [null, newSession {capabilities=[Capabilities {browserName: chrome, goog:chromeOptions: {args: [--start-maximized], extensions: []}}], desiredCapabilities=Capabilities {browserName: chrome, goog:chromeOptions: {args: [--start-maximized], extensions: []}}}]">
      <![CDATA[org.openqa.selenium.SessionNotCreatedException: Could not start a new session. Response code 500. Message: session not created: This version of ChromeDriver only supports Chrome version 102
Current browser version is 101.0.4951.67 with binary path C:\Program Files\Google\Chrome\Application\chrome.exe
Build info: version: '4.0.0', revision: '3a21814679'
System info: host: 'ROHIT-G', ip: '192.168.0.103', os.name: 'Windows 8.1', os.arch: 'amd64', os.version: '6.3', java.version: '15.0.1'
Driver info: org.openqa.selenium.chrome.ChromeDriver
Command: [null, newSession {capabilities=[Capabilities {browserName: chrome, goog:chromeOptions: {args: [--start-maximized], extensions: []}}], desiredCapabilities=Capabilities {browserName: chrome, goog:chromeOptions: {args: [--start-maximized], extensions: []}}}]
at org.openqa.selenium.remote.ProtocolHandshake.createSession(ProtocolHandshake.java:126)
at org.openqa.selenium.remote.ProtocolHandshake.createSession(ProtocolHandshake.java:84)
at org.openqa.selenium.remote.ProtocolHandshake.createSession(ProtocolHandshake.java:62)
at org.openqa.selenium.remote.HttpCommandExecutor.execute(HttpCommandExecutor.java:156)
at org.openqa.selenium.remote.service.DriverCommandExecutor.invokeExecute(DriverCommandExecutor.java:164)
at org.openqa.selenium.remote.service.DriverCommandExecutor.execute(DriverCommandExecutor.java:139)
at org.openqa.selenium.remote.RemoteWebDriver.execute(RemoteWebDriver.java:559)
at org.openqa.selenium.remote.RemoteWebDriver.startSession(RemoteWebDriver.java:246)
at org.openqa.selenium.remote.RemoteWebDriver.<init>(RemoteWebDriver.java:168)
at org.openqa.selenium.chromium.ChromiumDriver.<init>(ChromiumDriver.java:108)
at org.openqa.selenium.chrome.ChromeDriver.<init>(ChromeDriver.java:104)
at org.openqa.selenium.chrome.ChromeDriver.<init>(ChromeDriver.java:91)
at org.openqa.selenium.chrome.ChromeDriver.<init>(ChromeDriver.java:80)
at testjava.BaseTest.BrowserLaunch(BaseTest.java:21)
at java.base/java.util.ArrayList.forEach(ArrayList.java:1511)
... Removed 25 stack frames]]>
    </failure>
  </testcase> <!-- @BeforeClass BrowserLaunch -->
  <testcase classname="testjava.BaseTest" name="@BeforeMethod allPageObjects" time="-1.653841091271E9">
    <skipped/>
  </testcase> <!-- @BeforeMethod allPageObjects -->
  <testcase classname="testjava.BaseTest" name="@BeforeMethod allPageObjects" time="-1.653841091309E9">
    <skipped/>
  </testcase> <!-- @BeforeMethod allPageObjects -->
  <testcase classname="testjava.BaseTest" name="@BeforeMethod allPageObjects" time="-1.65384109134E9">
    <skipped/>
  </testcase> <!-- @BeforeMethod allPageObjects -->
  <testcase classname="testjava.BaseTest" name="@AfterClass TearDown" time="-1.65384109137E9">
    <skipped/>
  </testcase> <!-- @AfterClass TearDown -->
  <testcase classname="testjava.DashboardTest" name="verifyLogoutOption" time="0.022">
    <failure type="java.lang.NullPointerException" message="Cannot invoke &amp;quot;mainjava.LoginPageMain.ValidLoginCred(String, String)&amp;quot; because &amp;quot;this.loginpagemain&amp;quot; is null">
      <![CDATA[java.lang.NullPointerException: Cannot invoke "mainjava.LoginPageMain.ValidLoginCred(String, String)" because "this.loginpagemain" is null
at testjava.DashboardTest.verifyLogoutOption(DashboardTest.java:11)
at java.base/java.util.ArrayList.forEach(ArrayList.java:1511)
... Removed 27 stack frames]]>
    </failure>
  </testcase> <!-- verifyLogoutOption -->
  <testcase classname="testjava.LoginTest" name="VerifyLoginTitle" time="0.0">
    <skipped/>
  </testcase> <!-- VerifyLoginTitle -->
  <testcase classname="testjava.LoginTest" name="VerifyUrl" time="0.0">
    <skipped/>
  </testcase> <!-- VerifyUrl -->
  <testcase classname="testjava.LoginTest" name="verifyLoginWithCorrectCred" time="0.0">
    <skipped/>
  </testcase> <!-- verifyLoginWithCorrectCred -->
</testsuite> <!-- HRMTest -->
